<?xml version="1.0" encoding="UTF-8"?>
<!-- Generated by org.testng.reporters.JUnitReportReporter -->
<testsuite hostname="WKWZTdvgAZOcqNo" failures="0" tests="1" name="Concatination.Concat" time="0.005" errors="0" timestamp="2022-11-29T23:54:07 IST" skipped="0">
  <testcase classname="Concatination.Concat" name="assign" time="0.005"/>
  <system-out/>
</testsuite> <!-- Concatination.Concat -->
